<?xml version="1.0" encoding="UTF-8"?>
<!-- Generated by org.testng.reporters.JUnitReportReporter -->
<testsuite skipped="0" hostname="Hannas-MacBook-Air.local" name="com.udemy.api.restassured.ApiPostandExtract" tests="1" failures="0" timestamp="03 Nov 2018 19:17:48 GMT" time="4.041" errors="0">
  <testcase name="postApi" time="4.041" classname="com.udemy.api.restassured.ApiPostandExtract"/>
</testsuite> <!-- com.udemy.api.restassured.ApiPostandExtract -->
