<?xml version="1.0" encoding="UTF-8"?>
<!-- Generated by org.testng.reporters.JUnitReportReporter -->
<testsuite skipped="0" hostname="Hannas-MacBook-Air.local" name="com.udemy.api.restassured.ApiDelete" tests="1" failures="0" timestamp="04 Nov 2018 20:01:50 GMT" time="5.694" errors="0">
  <testcase name="deletePlaceID" time="5.694" classname="com.udemy.api.restassured.ApiDelete"/>
</testsuite> <!-- com.udemy.api.restassured.ApiDelete -->
