<?xml version="1.0" encoding="UTF-8"?>
<!-- Generated by org.testng.reporters.JUnitReportReporter -->
<testsuite skipped="0" hostname="Hannas-MacBook-Air.local" name="com.udemy.api.restassured.ApiPost" tests="1" failures="0" timestamp="03 Nov 2018 15:30:10 GMT" time="4.308" errors="0">
  <testcase name="restApiPost" time="4.308" classname="com.udemy.api.restassured.ApiPost"/>
</testsuite> <!-- com.udemy.api.restassured.ApiPost -->
