<?xml version="1.0" encoding="UTF-8"?>
<!-- Generated by org.testng.reporters.JUnitReportReporter -->
<testsuite skipped="0" hostname="Hannas-MacBook-Air.local" name="com.udemy.jirra.resapi.JirraRestAPI" tests="1" failures="0" timestamp="07 Nov 2018 14:31:36 GMT" time="3.434" errors="0">
  <testcase name="jirraApi" time="3.434" classname="com.udemy.jirra.resapi.JirraRestAPI"/>
</testsuite> <!-- com.udemy.jirra.resapi.JirraRestAPI -->
