<?xml version="1.0" encoding="UTF-8"?>
<!-- Generated by org.testng.reporters.JUnitReportReporter -->
<testsuite skipped="0" hostname="Hannas-MacBook-Air.local" name="com.udemy.api.restassured.ApiPostandDelete" tests="1" failures="0" timestamp="03 Nov 2018 15:44:25 GMT" time="4.511" errors="0">
  <testcase name="postApi" time="4.511" classname="com.udemy.api.restassured.ApiPostandDelete"/>
</testsuite> <!-- com.udemy.api.restassured.ApiPostandDelete -->
